<?xml version="1.0" encoding="UTF-8"?>
<testng-results ignored="0" total="1" passed="1" failed="0" skipped="0">
  <reporter-output>
  </reporter-output>
  <suite started-at="2019-11-20T13:07:26 EST" name="Default suite" finished-at="2019-11-20T13:07:41 EST" duration-ms="14860">
    <groups>
    </groups>
    <test started-at="2019-11-20T13:07:26 EST" name="Default test" finished-at="2019-11-20T13:07:41 EST" duration-ms="14860">
      <class name="com.Qa.hs.tests.LoginTest">
        <test-method signature="loginTest()[pri:0, instance:com.Qa.hs.tests.LoginTest@7995092a]" started-at="2019-11-20T13:07:26 EST" name="loginTest" finished-at="2019-11-20T13:07:41 EST" duration-ms="14808" status="PASS">
          <reporter-output>
          </reporter-output>
        </test-method> <!-- loginTest -->
      </class> <!-- com.Qa.hs.tests.LoginTest -->
    </test> <!-- Default test -->
  </suite> <!-- Default suite -->
</testng-results>
